<?xml version="1.0" encoding="UTF-8"?>
<!-- Generated by org.testng.reporters.JUnitXMLReporter -->
<testsuite hostname="DESKTOP-U3UA2VB" ignored="0" name="Test" tests="8" failures="3" timestamp="2020-10-09T20:10:06 IST" time="0.817" errors="0">
  <testcase name="test1" time="0.182" classname="testClasses.TestClass1"/>
  <testcase name="test2" time="0.014" classname="testClasses.TestClass1"/>
  <testcase name="test3" time="0.008" classname="testClasses.TestClass1"/>
  <testcase name="test7" time="0.01" classname="testClasses.TestClass1">
    <failure type="java.lang.AssertionError" message="The following asserts failed:
	Failed expected [false] but found [true]">
      <![CDATA[java.lang.AssertionError: The following asserts failed:
Failed expected [false] but found [true]
at testClasses.TestClass1.test7(TestClass1.java:44)
at java.util.ArrayList.forEach(ArrayList.java:1259)
... Removed 29 stack frames]]>
    </failure>
  </testcase> <!-- test7 -->
  <testcase name="test8" time="0.01" classname="testClasses.TestClass1">
    <failure type="java.lang.AssertionError" message="The following asserts failed:
	Failed expected [false] but found [true],
	Failed expected [false] but found [true]">
      <![CDATA[java.lang.AssertionError: The following asserts failed:
Failed expected [false] but found [true],
Failed expected [false] but found [true]
at testClasses.TestClass1.test8(TestClass1.java:52)
at java.util.ArrayList.forEach(ArrayList.java:1259)
... Removed 29 stack frames]]>
    </failure>
  </testcase> <!-- test8 -->
  <testcase name="test4" time="0.019" classname="testClasses.TestClass2"/>
  <testcase name="test5" time="0.005" classname="testClasses.TestClass2"/>
  <testcase name="test6" time="0.007" classname="testClasses.TestClass2">
    <failure type="java.lang.AssertionError" message="Failed expected [false] but found [true]">
      <![CDATA[java.lang.AssertionError: Failed expected [false] but found [true]
at testClasses.TestClass2.test6(TestClass2.java:30)
at java.util.ArrayList.forEach(ArrayList.java:1259)
... Removed 31 stack frames]]>
    </failure>
  </testcase> <!-- test6 -->
</testsuite> <!-- Test -->
